mode: set
github.com/martinmarsh/nmea-mux/nmea_mux.go:24.24,38.2 2 1
github.com/martinmarsh/nmea-mux/nmea_mux.go:40.56,49.16 7 1
github.com/martinmarsh/nmea-mux/nmea_mux.go:49.16,50.55 1 1
github.com/martinmarsh/nmea-mux/nmea_mux.go:50.55,53.4 2 1
github.com/martinmarsh/nmea-mux/nmea_mux.go:53.9,57.4 2 1
github.com/martinmarsh/nmea-mux/nmea_mux.go:60.2,64.24 2 1
github.com/martinmarsh/nmea-mux/nmea_mux.go:64.24,66.44 2 1
github.com/martinmarsh/nmea-mux/nmea_mux.go:66.44,68.4 1 1
github.com/martinmarsh/nmea-mux/nmea_mux.go:69.3,69.52 1 1
github.com/martinmarsh/nmea-mux/nmea_mux.go:69.52,71.4 1 1
github.com/martinmarsh/nmea-mux/nmea_mux.go:73.3,73.23 1 1
github.com/martinmarsh/nmea-mux/nmea_mux.go:73.23,75.51 2 1
github.com/martinmarsh/nmea-mux/nmea_mux.go:75.51,77.5 1 1
github.com/martinmarsh/nmea-mux/nmea_mux.go:77.10,79.5 1 1
github.com/martinmarsh/nmea-mux/nmea_mux.go:82.3,82.24 1 1
github.com/martinmarsh/nmea-mux/nmea_mux.go:82.24,84.59 2 1
github.com/martinmarsh/nmea-mux/nmea_mux.go:84.59,86.5 1 1
github.com/martinmarsh/nmea-mux/nmea_mux.go:86.10,88.5 1 1
github.com/martinmarsh/nmea-mux/nmea_mux.go:91.3,91.26 1 1
github.com/martinmarsh/nmea-mux/nmea_mux.go:91.26,92.65 1 1
github.com/martinmarsh/nmea-mux/nmea_mux.go:92.65,93.60 1 1
github.com/martinmarsh/nmea-mux/nmea_mux.go:93.60,95.6 1 1
github.com/martinmarsh/nmea-mux/nmea_mux.go:95.11,97.6 1 1
github.com/martinmarsh/nmea-mux/nmea_mux.go:101.3,101.43 1 1
github.com/martinmarsh/nmea-mux/nmea_mux.go:101.43,103.4 1 1
github.com/martinmarsh/nmea-mux/nmea_mux.go:103.9,105.4 1 1
github.com/martinmarsh/nmea-mux/nmea_mux.go:108.2,109.46 2 1
github.com/martinmarsh/nmea-mux/nmea_mux.go:109.46,110.46 1 1
github.com/martinmarsh/nmea-mux/nmea_mux.go:110.46,112.4 1 1
github.com/martinmarsh/nmea-mux/nmea_mux.go:114.3,114.46 1 1
github.com/martinmarsh/nmea-mux/nmea_mux.go:117.2,117.47 1 1
github.com/martinmarsh/nmea-mux/nmea_mux.go:117.47,118.45 1 1
github.com/martinmarsh/nmea-mux/nmea_mux.go:118.45,122.4 2 1
github.com/martinmarsh/nmea-mux/nmea_mux.go:126.2,126.19 1 1
github.com/martinmarsh/nmea-mux/nmea_mux.go:126.19,128.3 1 1
github.com/martinmarsh/nmea-mux/nmea_mux.go:130.2,130.12 1 1
github.com/martinmarsh/nmea-mux/nmea_mux.go:133.61,134.33 1 1
github.com/martinmarsh/nmea-mux/nmea_mux.go:134.33,136.3 1 1
github.com/martinmarsh/nmea-mux/nmea_mux.go:137.2,137.11 1 1
github.com/martinmarsh/nmea-mux/nmea_mux.go:137.11,139.3 1 1
