mode: set
github.com/martinmarsh/nmea-mux/buffer.go:22.67,34.2 2 0
github.com/martinmarsh/nmea-mux/buffer.go:36.52,37.28 1 0
github.com/martinmarsh/nmea-mux/buffer.go:37.28,39.3 1 0
github.com/martinmarsh/nmea-mux/buffer.go:40.2,43.13 4 0
github.com/martinmarsh/nmea-mux/buffer.go:43.13,45.3 1 0
github.com/martinmarsh/nmea-mux/buffer.go:48.53,49.21 1 0
github.com/martinmarsh/nmea-mux/buffer.go:49.21,51.7 2 0
github.com/martinmarsh/nmea-mux/buffer.go:51.7,53.15 2 0
github.com/martinmarsh/nmea-mux/buffer.go:53.15,55.5 1 0
github.com/martinmarsh/nmea-mux/buffer.go:55.10,57.5 1 0
github.com/martinmarsh/nmea-mux/buffer.go:58.4,59.24 2 0
github.com/martinmarsh/nmea-mux/buffer.go:59.24,62.5 2 0
github.com/martinmarsh/nmea-mux/buffer.go:65.8,67.3 1 0
github.com/martinmarsh/nmea-mux/buffer.go:71.59,72.19 1 0
github.com/martinmarsh/nmea-mux/buffer.go:72.19,74.3 1 0
github.com/martinmarsh/nmea-mux/buffer.go:75.2,75.27 1 0
github.com/martinmarsh/nmea-mux/buffer.go:75.27,77.3 1 0
github.com/martinmarsh/nmea-mux/buffer.go:78.2,81.13 4 0
github.com/martinmarsh/nmea-mux/buffer.go:81.13,83.3 1 0
github.com/martinmarsh/nmea-mux/buffer.go:84.2,84.15 1 0
github.com/martinmarsh/nmea-mux/buffer.go:95.55,104.2 2 0
github.com/martinmarsh/nmea-mux/buffer.go:106.52,107.28 1 0
github.com/martinmarsh/nmea-mux/buffer.go:107.28,109.3 1 0
github.com/martinmarsh/nmea-mux/buffer.go:110.2,112.12 3 0
github.com/martinmarsh/nmea-mux/buffer.go:115.49,116.27 1 0
github.com/martinmarsh/nmea-mux/buffer.go:116.27,118.3 1 0
github.com/martinmarsh/nmea-mux/buffer.go:119.2,122.11 4 0
github.com/martinmarsh/nmea-mux/nmea_mux.go:31.24,45.2 2 1
github.com/martinmarsh/nmea-mux/nmea_mux.go:47.56,56.16 7 1
github.com/martinmarsh/nmea-mux/nmea_mux.go:56.16,57.55 1 1
github.com/martinmarsh/nmea-mux/nmea_mux.go:57.55,60.4 2 1
github.com/martinmarsh/nmea-mux/nmea_mux.go:60.9,64.4 2 1
github.com/martinmarsh/nmea-mux/nmea_mux.go:67.2,71.24 2 1
github.com/martinmarsh/nmea-mux/nmea_mux.go:71.24,73.44 2 1
github.com/martinmarsh/nmea-mux/nmea_mux.go:73.44,75.4 1 1
github.com/martinmarsh/nmea-mux/nmea_mux.go:76.3,76.52 1 1
github.com/martinmarsh/nmea-mux/nmea_mux.go:76.52,78.4 1 1
github.com/martinmarsh/nmea-mux/nmea_mux.go:80.3,80.23 1 1
github.com/martinmarsh/nmea-mux/nmea_mux.go:80.23,82.51 2 1
github.com/martinmarsh/nmea-mux/nmea_mux.go:82.51,84.5 1 1
github.com/martinmarsh/nmea-mux/nmea_mux.go:84.10,86.5 1 1
github.com/martinmarsh/nmea-mux/nmea_mux.go:89.3,89.24 1 1
github.com/martinmarsh/nmea-mux/nmea_mux.go:89.24,91.59 2 1
github.com/martinmarsh/nmea-mux/nmea_mux.go:91.59,93.5 1 1
github.com/martinmarsh/nmea-mux/nmea_mux.go:93.10,95.5 1 1
github.com/martinmarsh/nmea-mux/nmea_mux.go:98.3,98.26 1 1
github.com/martinmarsh/nmea-mux/nmea_mux.go:98.26,99.65 1 1
github.com/martinmarsh/nmea-mux/nmea_mux.go:99.65,100.60 1 1
github.com/martinmarsh/nmea-mux/nmea_mux.go:100.60,102.6 1 1
github.com/martinmarsh/nmea-mux/nmea_mux.go:102.11,104.6 1 1
github.com/martinmarsh/nmea-mux/nmea_mux.go:108.3,108.43 1 1
github.com/martinmarsh/nmea-mux/nmea_mux.go:108.43,110.4 1 1
github.com/martinmarsh/nmea-mux/nmea_mux.go:110.9,112.4 1 1
github.com/martinmarsh/nmea-mux/nmea_mux.go:115.2,116.46 2 1
github.com/martinmarsh/nmea-mux/nmea_mux.go:116.46,117.46 1 1
github.com/martinmarsh/nmea-mux/nmea_mux.go:117.46,119.4 1 1
github.com/martinmarsh/nmea-mux/nmea_mux.go:121.3,121.46 1 1
github.com/martinmarsh/nmea-mux/nmea_mux.go:124.2,124.47 1 1
github.com/martinmarsh/nmea-mux/nmea_mux.go:124.47,125.45 1 1
github.com/martinmarsh/nmea-mux/nmea_mux.go:125.45,129.4 2 1
github.com/martinmarsh/nmea-mux/nmea_mux.go:133.2,133.19 1 1
github.com/martinmarsh/nmea-mux/nmea_mux.go:133.19,135.3 1 1
github.com/martinmarsh/nmea-mux/nmea_mux.go:137.2,137.12 1 1
github.com/martinmarsh/nmea-mux/nmea_mux.go:140.61,141.33 1 1
github.com/martinmarsh/nmea-mux/nmea_mux.go:141.33,143.3 1 1
github.com/martinmarsh/nmea-mux/nmea_mux.go:144.2,144.11 1 1
github.com/martinmarsh/nmea-mux/nmea_mux.go:144.11,146.3 1 1
github.com/martinmarsh/nmea-mux/nmea_mux.go:149.25,150.52 1 1
github.com/martinmarsh/nmea-mux/nmea_mux.go:150.52,152.30 2 1
github.com/martinmarsh/nmea-mux/nmea_mux.go:152.30,153.23 1 1
github.com/martinmarsh/nmea-mux/nmea_mux.go:154.18,155.26 1 1
github.com/martinmarsh/nmea-mux/nmea_mux.go:156.22,157.29 1 1
github.com/martinmarsh/nmea-mux/nmea_mux.go:158.21,159.29 1 1
github.com/martinmarsh/nmea-mux/nmea_mux.go:160.22,161.31 1 1
github.com/martinmarsh/nmea-mux/processor.go:47.49,54.16 6 1
github.com/martinmarsh/nmea-mux/processor.go:54.16,57.3 2 0
github.com/martinmarsh/nmea-mux/processor.go:58.2,62.36 4 1
github.com/martinmarsh/nmea-mux/processor.go:62.36,64.34 2 1
github.com/martinmarsh/nmea-mux/processor.go:64.34,65.33 1 1
github.com/martinmarsh/nmea-mux/processor.go:65.33,68.5 2 1
github.com/martinmarsh/nmea-mux/processor.go:69.4,69.34 1 1
github.com/martinmarsh/nmea-mux/processor.go:69.34,70.19 1 1
github.com/martinmarsh/nmea-mux/processor.go:71.18,72.58 1 1
github.com/martinmarsh/nmea-mux/processor.go:73.19,74.42 1 1
github.com/martinmarsh/nmea-mux/processor.go:75.20,76.40 1 1
github.com/martinmarsh/nmea-mux/processor.go:78.27,79.46 1 1
github.com/martinmarsh/nmea-mux/processor.go:81.28,82.51 1 1
github.com/martinmarsh/nmea-mux/processor.go:84.28,85.51 1 1
github.com/martinmarsh/nmea-mux/processor.go:87.15,88.39 1 1
github.com/martinmarsh/nmea-mux/processor.go:90.24,91.58 1 0
github.com/martinmarsh/nmea-mux/processor.go:91.58,93.7 1 0
github.com/martinmarsh/nmea-mux/processor.go:94.25,95.58 1 0
github.com/martinmarsh/nmea-mux/processor.go:95.58,97.7 1 0
github.com/martinmarsh/nmea-mux/processor.go:98.6,98.71 1 0
github.com/martinmarsh/nmea-mux/processor.go:100.13,101.52 1 0
github.com/martinmarsh/nmea-mux/processor.go:108.2,108.31 1 1
github.com/martinmarsh/nmea-mux/processor.go:108.31,110.37 2 1
github.com/martinmarsh/nmea-mux/processor.go:110.37,112.4 1 0
github.com/martinmarsh/nmea-mux/processor.go:117.103,123.6 5 1
github.com/martinmarsh/nmea-mux/processor.go:123.6,124.10 1 1
github.com/martinmarsh/nmea-mux/processor.go:125.36,126.24 1 0
github.com/martinmarsh/nmea-mux/processor.go:127.19,130.19 2 0
github.com/martinmarsh/nmea-mux/processor.go:130.19,131.43 1 0
github.com/martinmarsh/nmea-mux/processor.go:131.43,136.20 5 0
github.com/martinmarsh/nmea-mux/processor.go:136.20,139.7 2 0
github.com/martinmarsh/nmea-mux/processor.go:139.12,141.7 1 0
github.com/martinmarsh/nmea-mux/processor.go:145.10,150.19 4 0
github.com/martinmarsh/nmea-mux/processor.go:150.19,153.6 2 0
github.com/martinmarsh/nmea-mux/processor.go:154.5,154.19 1 0
github.com/martinmarsh/nmea-mux/processor.go:160.67,162.15 1 0
github.com/martinmarsh/nmea-mux/processor.go:162.15,163.31 1 0
github.com/martinmarsh/nmea-mux/processor.go:163.31,166.4 2 0
github.com/martinmarsh/nmea-mux/processor.go:169.2,170.52 2 0
github.com/martinmarsh/nmea-mux/processor.go:170.52,174.3 2 0
github.com/martinmarsh/nmea-mux/processor.go:175.2,175.46 1 0
github.com/martinmarsh/nmea-mux/serial.go:15.46,19.16 4 1
github.com/martinmarsh/nmea-mux/serial.go:19.16,21.3 1 0
github.com/martinmarsh/nmea-mux/serial.go:22.2,30.33 5 1
github.com/martinmarsh/nmea-mux/serial.go:30.33,32.3 1 1
github.com/martinmarsh/nmea-mux/serial.go:34.2,34.16 1 1
github.com/martinmarsh/nmea-mux/serial.go:34.16,36.3 1 1
github.com/martinmarsh/nmea-mux/serial.go:36.8,37.33 1 0
github.com/martinmarsh/nmea-mux/serial.go:37.33,40.4 2 0
github.com/martinmarsh/nmea-mux/serial.go:41.3,41.31 1 0
github.com/martinmarsh/nmea-mux/serial.go:41.31,44.4 2 0
github.com/martinmarsh/nmea-mux/serial.go:50.116,54.6 4 0
github.com/martinmarsh/nmea-mux/serial.go:54.6,56.17 2 0
github.com/martinmarsh/nmea-mux/serial.go:56.17,59.4 2 0
github.com/martinmarsh/nmea-mux/serial.go:60.3,60.13 1 0
github.com/martinmarsh/nmea-mux/serial.go:60.13,63.4 2 0
github.com/martinmarsh/nmea-mux/serial.go:63.9,64.27 1 0
github.com/martinmarsh/nmea-mux/serial.go:64.27,65.22 1 0
github.com/martinmarsh/nmea-mux/serial.go:65.22,67.6 1 0
github.com/martinmarsh/nmea-mux/serial.go:70.3,70.7 1 0
github.com/martinmarsh/nmea-mux/serial.go:70.7,72.21 2 0
github.com/martinmarsh/nmea-mux/serial.go:72.21,73.10 1 0
github.com/martinmarsh/nmea-mux/serial.go:75.4,76.32 2 0
github.com/martinmarsh/nmea-mux/serial.go:76.32,78.5 1 0
github.com/martinmarsh/nmea-mux/serial.go:84.102,86.6 2 0
github.com/martinmarsh/nmea-mux/serial.go:86.6,87.28 1 0
github.com/martinmarsh/nmea-mux/serial.go:87.28,91.18 4 0
github.com/martinmarsh/nmea-mux/serial.go:91.18,94.5 2 0
github.com/martinmarsh/nmea-mux/udp_client.go:14.49,23.2 6 1
github.com/martinmarsh/nmea-mux/udp_client.go:25.99,27.6 2 1
github.com/martinmarsh/nmea-mux/udp_client.go:27.6,31.17 3 1
github.com/martinmarsh/nmea-mux/udp_client.go:31.17,35.30 3 0
github.com/martinmarsh/nmea-mux/udp_client.go:35.30,37.5 1 0
github.com/martinmarsh/nmea-mux/udp_client.go:38.4,38.31 1 0
github.com/martinmarsh/nmea-mux/udp_client.go:39.9,45.4 5 1
github.com/martinmarsh/nmea-mux/udp_client.go:46.3,46.17 1 1
github.com/martinmarsh/nmea-mux/udp_client.go:46.17,47.8 1 1
github.com/martinmarsh/nmea-mux/udp_client.go:47.8,50.19 3 1
github.com/martinmarsh/nmea-mux/udp_client.go:50.19,52.6 1 0
github.com/martinmarsh/nmea-mux/udp_listen.go:13.51,18.40 4 1
github.com/martinmarsh/nmea-mux/udp_listen.go:18.40,20.3 1 1
github.com/martinmarsh/nmea-mux/udp_listen.go:21.2,25.33 3 1
github.com/martinmarsh/nmea-mux/udp_listen.go:25.33,27.3 1 1
github.com/martinmarsh/nmea-mux/udp_listen.go:29.2,29.32 1 1
github.com/martinmarsh/nmea-mux/udp_listen.go:29.32,31.3 1 1
github.com/martinmarsh/nmea-mux/udp_listen.go:35.94,38.16 3 1
github.com/martinmarsh/nmea-mux/udp_listen.go:38.16,41.3 2 0
github.com/martinmarsh/nmea-mux/udp_listen.go:42.2,46.6 3 1
github.com/martinmarsh/nmea-mux/udp_listen.go:46.6,48.17 2 1
github.com/martinmarsh/nmea-mux/udp_listen.go:48.17,53.4 3 0
github.com/martinmarsh/nmea-mux/udp_listen.go:53.9,54.32 1 0
github.com/martinmarsh/nmea-mux/udp_listen.go:54.32,56.5 1 0
